<?xml version="1.0" encoding="UTF-8"?>
<!-- Generated by org.testng.reporters.JUnitXMLReporter -->
<testsuite ignored="0" hostname="Balaji" failures="1" tests="3" name="SubmitOrderTest" time="42.286" errors="0" timestamp="2025-05-31T14:20:31 IST">
  <testcase classname="com.testend.pageobjectmodel.SubmitOrderTest" name="submitTest" time="14.102"/>
  <testcase classname="com.testend.pageobjectmodel.SubmitOrderTest" name="submitTest" time="21.977">
    <failure type="java.lang.AssertionError" message="expected [true] but found [false]">
      <![CDATA[java.lang.AssertionError: expected [true] but found [false]
at com.testend.pageobjectmodel.SubmitOrderTest.submitTest(SubmitOrderTest.java:41)
at java.base/java.util.ArrayList.forEach(ArrayList.java:1597)
... Removed 29 stack frames]]>
    </failure>
  </testcase> <!-- submitTest -->
  <testcase classname="com.testend.pageobjectmodel.SubmitOrderTest" name="orderHistoryTest" time="0.001">
    <skipped/>
  </testcase> <!-- orderHistoryTest -->
</testsuite> <!-- SubmitOrderTest -->
